[debug] [2021-02-01T16:30:44.549Z] ----------------------------------------------------------------------
[debug] [2021-02-01T16:30:44.550Z] Command:       /usr/local/bin/node /usr/local/bin/firebase init
[debug] [2021-02-01T16:30:44.550Z] CLI Version:   9.2.2
[debug] [2021-02-01T16:30:44.551Z] Platform:      darwin
[debug] [2021-02-01T16:30:44.551Z] Node Version:  v12.14.1
[debug] [2021-02-01T16:30:44.551Z] Time:          Mon Feb 01 2021 16:30:44 GMT+0000 (Greenwich Mean Time)
[debug] [2021-02-01T16:30:44.552Z] ----------------------------------------------------------------------
[debug] [2021-02-01T16:30:44.552Z] 
[debug] [2021-02-01T16:30:44.557Z] > command requires scopes: ["email","openid","https://www.googleapis.com/auth/cloudplatformprojects.readonly","https://www.googleapis.com/auth/firebase","https://www.googleapis.com/auth/cloud-platform"]
[debug] [2021-02-01T16:30:44.558Z] > authorizing via signed-in user
[info] 
     ######## #### ########  ######## ########     ###     ######  ########
     ##        ##  ##     ## ##       ##     ##  ##   ##  ##       ##
     ######    ##  ########  ######   ########  #########  ######  ######
     ##        ##  ##    ##  ##       ##     ## ##     ##       ## ##
     ##       #### ##     ## ######## ########  ##     ##  ######  ########

You're about to initialize a Firebase project in this directory:

  /Applications/XAMPP/xamppfiles/htdocs/vueclass/vue-shop

Before we get started, keep in mind:

  * You are currently outside your home directory

[info] 
=== Project Setup
[info] 
[info] First, let's associate this project directory with a Firebase project.
[info] You can create multiple project aliases by running firebase use --add, 
[info] but for now we'll just set up a default project.
[info] 
[debug] [2021-02-01T16:31:38.644Z] >>> [apiv2][query] GET https://firebase.googleapis.com/v1beta1/projects pageSize=100
[debug] [2021-02-01T16:31:38.937Z] <<< [apiv2][status] GET https://firebase.googleapis.com/v1beta1/projects 200
[debug] [2021-02-01T16:31:38.937Z] <<< [apiv2][body] GET https://firebase.googleapis.com/v1beta1/projects [omitted]
[info] i  Using project vue-shop-9ad44 (vue-shop) 
[info] 
=== Firestore Setup
[debug] [2021-02-01T16:31:44.786Z] > refreshing access token with scopes: ["email","https://www.googleapis.com/auth/cloud-platform","https://www.googleapis.com/auth/cloudplatformprojects.readonly","https://www.googleapis.com/auth/firebase","openid"]
[debug] [2021-02-01T16:31:44.786Z] >>> HTTP REQUEST POST https://www.googleapis.com/oauth2/v3/token  
 <request body omitted>
[debug] [2021-02-01T16:31:44.904Z] <<< HTTP RESPONSE 200 {"cache-control":"no-cache, no-store, max-age=0, must-revalidate","date":"Mon, 01 Feb 2021 16:31:44 GMT","expires":"Mon, 01 Jan 1990 00:00:00 GMT","pragma":"no-cache","content-type":"application/json; charset=utf-8","vary":"X-Origin, Referer, Origin,Accept-Encoding","server":"scaffolding on HTTPServer2","x-xss-protection":"0","x-frame-options":"SAMEORIGIN","x-content-type-options":"nosniff","alt-svc":"h3-29=\":443\"; ma=2592000,h3-T051=\":443\"; ma=2592000,h3-Q050=\":443\"; ma=2592000,h3-Q046=\":443\"; ma=2592000,h3-Q043=\":443\"; ma=2592000,quic=\":443\"; ma=2592000; v=\"46,43\"","accept-ranges":"none","transfer-encoding":"chunked"}
[debug] [2021-02-01T16:31:44.936Z] >>> HTTP REQUEST GET https://serviceusage.googleapis.com/v1/projects/vue-shop-9ad44/services/firestore.googleapis.com  
 
[debug] [2021-02-01T16:31:46.608Z] <<< HTTP RESPONSE 200 {"content-type":"application/json; charset=UTF-8","vary":"X-Origin, Referer, Origin,Accept-Encoding","date":"Mon, 01 Feb 2021 16:31:46 GMT","server":"ESF","cache-control":"private","x-xss-protection":"0","x-frame-options":"SAMEORIGIN","x-content-type-options":"nosniff","alt-svc":"h3-29=\":443\"; ma=2592000,h3-T051=\":443\"; ma=2592000,h3-Q050=\":443\"; ma=2592000,h3-Q046=\":443\"; ma=2592000,h3-Q043=\":443\"; ma=2592000,quic=\":443\"; ma=2592000; v=\"46,43\"","accept-ranges":"none","transfer-encoding":"chunked"}
[debug] [2021-02-01T16:31:46.609Z] >>> HTTP REQUEST GET https://appengine.googleapis.com/v1/apps/vue-shop-9ad44  
 
[debug] [2021-02-01T16:31:47.099Z] <<< HTTP RESPONSE 200 {"content-type":"application/json; charset=UTF-8","vary":"X-Origin, Referer, Origin,Accept-Encoding","date":"Mon, 01 Feb 2021 16:31:47 GMT","server":"ESF","cache-control":"private","x-xss-protection":"0","x-frame-options":"SAMEORIGIN","x-content-type-options":"nosniff","alt-svc":"h3-29=\":443\"; ma=2592000,h3-T051=\":443\"; ma=2592000,h3-Q050=\":443\"; ma=2592000,h3-Q046=\":443\"; ma=2592000,h3-Q043=\":443\"; ma=2592000,quic=\":443\"; ma=2592000; v=\"46,43\"","accept-ranges":"none","transfer-encoding":"chunked"}
[debug] [2021-02-01T16:31:47.099Z] database_type: CLOUD_FIRESTORE
[debug] [2021-02-01T16:31:47.100Z] > command requires scopes: ["email","openid","https://www.googleapis.com/auth/cloudplatformprojects.readonly","https://www.googleapis.com/auth/firebase","https://www.googleapis.com/auth/cloud-platform"]
[debug] [2021-02-01T16:31:47.100Z] > authorizing via signed-in user
[debug] [2021-02-01T16:31:47.100Z] [iam] checking project vue-shop-9ad44 for permissions ["firebase.projects.get"]
[debug] [2021-02-01T16:31:47.100Z] >>> HTTP REQUEST POST https://cloudresourcemanager.googleapis.com/v1/projects/vue-shop-9ad44:testIamPermissions  
 {"permissions":["firebase.projects.get"]}
[debug] [2021-02-01T16:31:48.529Z] <<< HTTP RESPONSE 200 {"content-type":"application/json; charset=UTF-8","vary":"X-Origin, Referer, Origin,Accept-Encoding","date":"Mon, 01 Feb 2021 16:31:48 GMT","server":"ESF","cache-control":"private","x-xss-protection":"0","x-frame-options":"SAMEORIGIN","x-content-type-options":"nosniff","server-timing":"gfet4t7; dur=547","alt-svc":"h3-29=\":443\"; ma=2592000,h3-T051=\":443\"; ma=2592000,h3-Q050=\":443\"; ma=2592000,h3-Q046=\":443\"; ma=2592000,h3-Q043=\":443\"; ma=2592000,quic=\":443\"; ma=2592000; v=\"46,43\"","accept-ranges":"none","transfer-encoding":"chunked"}
[info] 
[info] Firestore Security Rules allow you to define how and when to allow
[info] requests. You can keep these rules in your project directory
[info] and publish them with firebase deploy.
[info] 
[debug] [2021-02-01T16:32:21.164Z] >>> HTTP REQUEST GET https://firebaserules.googleapis.com/v1/projects/vue-shop-9ad44/releases?pageSize=10&pageToken=  
 
[debug] [2021-02-01T16:32:22.888Z] <<< HTTP RESPONSE 200 {"content-type":"application/json; charset=UTF-8","vary":"X-Origin, Referer, Origin,Accept-Encoding","date":"Mon, 01 Feb 2021 16:32:22 GMT","server":"ESF","cache-control":"private","x-xss-protection":"0","x-frame-options":"SAMEORIGIN","x-content-type-options":"nosniff","alt-svc":"h3-29=\":443\"; ma=2592000,h3-T051=\":443\"; ma=2592000,h3-Q050=\":443\"; ma=2592000,h3-Q046=\":443\"; ma=2592000,h3-Q043=\":443\"; ma=2592000,quic=\":443\"; ma=2592000; v=\"46,43\"","accept-ranges":"none","transfer-encoding":"chunked"}
[debug] [2021-02-01T16:32:22.890Z] Found ruleset: projects/vue-shop-9ad44/rulesets/190e855f-7e16-4afc-ad84-0e94bd284722
[debug] [2021-02-01T16:32:22.890Z] >>> HTTP REQUEST GET https://firebaserules.googleapis.com/v1/projects/vue-shop-9ad44/rulesets/190e855f-7e16-4afc-ad84-0e94bd284722  
 
[debug] [2021-02-01T16:32:23.557Z] <<< HTTP RESPONSE 200 {"content-type":"application/json; charset=UTF-8","vary":"X-Origin, Referer, Origin,Accept-Encoding","date":"Mon, 01 Feb 2021 16:32:23 GMT","server":"ESF","cache-control":"private","x-xss-protection":"0","x-frame-options":"SAMEORIGIN","x-content-type-options":"nosniff","alt-svc":"h3-29=\":443\"; ma=2592000,h3-T051=\":443\"; ma=2592000,h3-Q050=\":443\"; ma=2592000,h3-Q046=\":443\"; ma=2592000,h3-Q043=\":443\"; ma=2592000,quic=\":443\"; ma=2592000; v=\"46,43\"","accept-ranges":"none","transfer-encoding":"chunked"}
[info] 
[info] Firestore indexes allow you to perform complex queries while
[info] maintaining performance that scales with the size of the result
[info] set. You can keep index definitions in your project directory
[info] and publish them with firebase deploy.
[info] 
[debug] [2021-02-01T16:32:27.932Z] >>> HTTP REQUEST GET https://firestore.googleapis.com/v1/projects/vue-shop-9ad44/databases/(default)/collectionGroups/-/indexes  
 
[debug] [2021-02-01T16:32:27.933Z] >>> HTTP REQUEST GET https://firestore.googleapis.com/v1/projects/vue-shop-9ad44/databases/(default)/collectionGroups/-/fields?filter=indexConfig.usesAncestorConfig=false  
 
[debug] [2021-02-01T16:32:28.247Z] <<< HTTP RESPONSE 200 {"content-type":"application/json; charset=UTF-8","vary":"X-Origin, Referer, Origin,Accept-Encoding","date":"Mon, 01 Feb 2021 16:32:28 GMT","server":"ESF","cache-control":"private","x-xss-protection":"0","x-frame-options":"SAMEORIGIN","x-content-type-options":"nosniff","alt-svc":"h3-29=\":443\"; ma=2592000,h3-T051=\":443\"; ma=2592000,h3-Q050=\":443\"; ma=2592000,h3-Q046=\":443\"; ma=2592000,h3-Q043=\":443\"; ma=2592000,quic=\":443\"; ma=2592000; v=\"46,43\"","accept-ranges":"none","transfer-encoding":"chunked"}
[debug] [2021-02-01T16:32:28.294Z] <<< HTTP RESPONSE 200 {"content-type":"application/json; charset=UTF-8","vary":"X-Origin, Referer, Origin,Accept-Encoding","date":"Mon, 01 Feb 2021 16:32:28 GMT","server":"ESF","cache-control":"private","x-xss-protection":"0","x-frame-options":"SAMEORIGIN","x-content-type-options":"nosniff","alt-svc":"h3-29=\":443\"; ma=2592000,h3-T051=\":443\"; ma=2592000,h3-Q050=\":443\"; ma=2592000,h3-Q046=\":443\"; ma=2592000,h3-Q043=\":443\"; ma=2592000,quic=\":443\"; ma=2592000; v=\"46,43\"","accept-ranges":"none","transfer-encoding":"chunked"}
[info] 
=== Functions Setup
[info] 
[info] A functions directory will be created in your project with a Node.js
[info] package pre-configured. Functions can be deployed with firebase deploy.
[info] 
[debug] [2021-02-01T16:32:28.296Z] > command requires scopes: ["email","openid","https://www.googleapis.com/auth/cloudplatformprojects.readonly","https://www.googleapis.com/auth/firebase","https://www.googleapis.com/auth/cloud-platform"]
[debug] [2021-02-01T16:32:28.297Z] > authorizing via signed-in user
[debug] [2021-02-01T16:32:28.297Z] [iam] checking project vue-shop-9ad44 for permissions ["firebase.projects.get"]
[debug] [2021-02-01T16:32:28.297Z] >>> HTTP REQUEST POST https://cloudresourcemanager.googleapis.com/v1/projects/vue-shop-9ad44:testIamPermissions  
 {"permissions":["firebase.projects.get"]}
[debug] [2021-02-01T16:32:28.455Z] <<< HTTP RESPONSE 200 {"content-type":"application/json; charset=UTF-8","vary":"X-Origin, Referer, Origin,Accept-Encoding","date":"Mon, 01 Feb 2021 16:32:28 GMT","server":"ESF","cache-control":"private","x-xss-protection":"0","x-frame-options":"SAMEORIGIN","x-content-type-options":"nosniff","server-timing":"gfet4t7; dur=111","alt-svc":"h3-29=\":443\"; ma=2592000,h3-T051=\":443\"; ma=2592000,h3-Q050=\":443\"; ma=2592000,h3-Q046=\":443\"; ma=2592000,h3-Q043=\":443\"; ma=2592000,quic=\":443\"; ma=2592000; v=\"46,43\"","accept-ranges":"none","transfer-encoding":"chunked"}
[debug] [2021-02-01T16:32:28.456Z] >>> HTTP REQUEST POST https://serviceusage.googleapis.com/v1/projects/vue-shop-9ad44/services/cloudfunctions.googleapis.com:enable  
 
[debug] [2021-02-01T16:32:28.457Z] >>> HTTP REQUEST POST https://serviceusage.googleapis.com/v1/projects/vue-shop-9ad44/services/runtimeconfig.googleapis.com:enable  
 
[debug] [2021-02-01T16:32:29.185Z] <<< HTTP RESPONSE 200 {"content-type":"application/json; charset=UTF-8","vary":"X-Origin, Referer, Origin,Accept-Encoding","date":"Mon, 01 Feb 2021 16:32:29 GMT","server":"ESF","cache-control":"private","x-xss-protection":"0","x-frame-options":"SAMEORIGIN","x-content-type-options":"nosniff","alt-svc":"h3-29=\":443\"; ma=2592000,h3-T051=\":443\"; ma=2592000,h3-Q050=\":443\"; ma=2592000,h3-Q046=\":443\"; ma=2592000,h3-Q043=\":443\"; ma=2592000,quic=\":443\"; ma=2592000; v=\"46,43\"","accept-ranges":"none","transfer-encoding":"chunked"}
[debug] [2021-02-01T16:32:29.222Z] <<< HTTP RESPONSE 200 {"content-type":"application/json; charset=UTF-8","vary":"X-Origin, Referer, Origin,Accept-Encoding","date":"Mon, 01 Feb 2021 16:32:29 GMT","server":"ESF","cache-control":"private","x-xss-protection":"0","x-frame-options":"SAMEORIGIN","x-content-type-options":"nosniff","alt-svc":"h3-29=\":443\"; ma=2592000,h3-T051=\":443\"; ma=2592000,h3-Q050=\":443\"; ma=2592000,h3-Q046=\":443\"; ma=2592000,h3-Q043=\":443\"; ma=2592000,quic=\":443\"; ma=2592000; v=\"46,43\"","accept-ranges":"none","transfer-encoding":"chunked"}
[info] ✔  Wrote functions/package.json 
[info] ✔  Wrote functions/index.js 
[info] ✔  Wrote functions/.gitignore 
[info] 
=== Hosting Setup
[info] 
[info] Your public directory is the folder (relative to your project directory) that
[info] will contain Hosting assets to be uploaded with firebase deploy. If you
[info] have a build process for your assets, use your build's output directory.
[info] 
[debug] [2021-02-01T16:34:05.233Z] >>> [apiv2][query] GET https://www.gstatic.com/firebasejs/releases.json [none]
[debug] [2021-02-01T16:34:05.278Z] <<< [apiv2][status] GET https://www.gstatic.com/firebasejs/releases.json 200
[debug] [2021-02-01T16:34:05.278Z] <<< [apiv2][body] GET https://www.gstatic.com/firebasejs/releases.json {"current":{"version":"8.2.5","browserURL":"https://www.gstatic.com/firebasejs/8.2.5/firebase.js","packageURL":"https://www.gstatic.com/firebasejs/8.2.5/firebase.tgz"},"live":{"version":"8.2","browserURL":"https://www.gstatic.com/firebasejs/live/8.2/firebase.js","packageURL":"https://www.gstatic.com/firebasejs/live/8.2/firebase.tgz"},"components":{"analytics":"https://www.gstatic.com/firebasejs/8.2.5/firebase-analytics.js","app":"https://www.gstatic.com/firebasejs/8.2.5/firebase-app.js","auth":"https://www.gstatic.com/firebasejs/8.2.5/firebase-auth.js","database":"https://www.gstatic.com/firebasejs/8.2.5/firebase-database.js","firestore":"https://www.gstatic.com/firebasejs/8.2.5/firebase-firestore.js","functions":"https://www.gstatic.com/firebasejs/8.2.5/firebase-functions.js","installations":"https://www.gstatic.com/firebasejs/8.2.5/firebase-installations.js","messaging":"https://www.gstatic.com/firebasejs/8.2.5/firebase-messaging.js","storage":"https://www.gstatic.com/firebasejs/8.2.5/firebase-storage.js","performance":"https://www.gstatic.com/firebasejs/8.2.5/firebase-performance.js","remote-config":"https://www.gstatic.com/firebasejs/8.2.5/firebase-remote-config.js","firestore.memory":"https://www.gstatic.com/firebasejs/8.2.5/firebase-firestore.memory.js"}}
[info] ✔  Wrote Y/index.html 
[info] 
[info] i  Detected a .git folder at /Applications/XAMPP/xamppfiles/htdocs 
[info] i  Authorizing with GitHub to upload your service account to a GitHub repository's secrets store. 
[info] 
[info] Visit this URL on this device to log in:
[info] https://github.com/login/oauth/authorize?client_id=89cf50f02ac6aaed3484&state=80302293&redirect_uri=http%3A%2F%2Flocalhost%3A9005&scope=read%3Auser%20repo%20public_repo
[info] 
[info] Waiting for authentication...
[debug] [2021-02-01T16:34:13.075Z] >>> HTTP REQUEST POST https://github.com/login/oauth/access_token  
 {"client_id":"89cf50f02ac6aaed3484","client_secret":"3330d14abc895d9a74d5f17cd7a00711fa2c5bf0","code":"5563ff881352655ff90d","redirect_uri":"http://localhost:9005","state":"80302293"}
[debug] [2021-02-01T16:34:13.317Z] <<< HTTP RESPONSE 200 {"date":"Mon, 01 Feb 2021 16:34:13 GMT","content-type":"application/json; charset=utf-8","transfer-encoding":"chunked","server":"GitHub.com","status":"200 OK","vary":"X-PJAX, Accept-Encoding, Accept, X-Requested-With, Accept-Encoding","etag":"W/\"78855d29273b0dfcf46080a9e737e496\"","cache-control":"max-age=0, private, must-revalidate","strict-transport-security":"max-age=31536000; includeSubdomains; preload","x-frame-options":"deny","x-content-type-options":"nosniff","x-xss-protection":"1; mode=block","referrer-policy":"origin-when-cross-origin, strict-origin-when-cross-origin","expect-ct":"max-age=2592000, report-uri=\"https://api.github.com/_private/browser/errors\"","content-security-policy":"default-src 'none'; base-uri 'self'; block-all-mixed-content; connect-src 'self' uploads.github.com www.githubstatus.com collector.githubapp.com api.github.com github-cloud.s3.amazonaws.com github-production-repository-file-5c1aeb.s3.amazonaws.com github-production-upload-manifest-file-7fdce7.s3.amazonaws.com github-production-user-asset-6210df.s3.amazonaws.com cdn.optimizely.com logx.optimizely.com/v1/events wss://alive.github.com; font-src github.githubassets.com; form-action 'self' github.com gist.github.com; frame-ancestors 'none'; frame-src render.githubusercontent.com; img-src 'self' data: github.githubassets.com identicons.github.com collector.githubapp.com github-cloud.s3.amazonaws.com *.githubusercontent.com; manifest-src 'self'; media-src 'none'; script-src github.githubassets.com; style-src 'unsafe-inline' github.githubassets.com; worker-src github.com/socket-worker-5029ae85.js gist.github.com/socket-worker-5029ae85.js","x-github-request-id":"4C92:11257:380B904:47335C4:60182D85"}
[debug] [2021-02-01T16:34:13.321Z] >>> [apiv2][query] GET https://api.github.com/user [none]
[debug] [2021-02-01T16:34:13.583Z] <<< [apiv2][status] GET https://api.github.com/user 200
[debug] [2021-02-01T16:34:13.584Z] <<< [apiv2][body] GET https://api.github.com/user {"login":"teeto11","id":31455698,"node_id":"MDQ6VXNlcjMxNDU1Njk4","avatar_url":"https://avatars.githubusercontent.com/u/31455698?v=4","gravatar_id":"","url":"https://api.github.com/users/teeto11","html_url":"https://github.com/teeto11","followers_url":"https://api.github.com/users/teeto11/followers","following_url":"https://api.github.com/users/teeto11/following{/other_user}","gists_url":"https://api.github.com/users/teeto11/gists{/gist_id}","starred_url":"https://api.github.com/users/teeto11/starred{/owner}{/repo}","subscriptions_url":"https://api.github.com/users/teeto11/subscriptions","organizations_url":"https://api.github.com/users/teeto11/orgs","repos_url":"https://api.github.com/users/teeto11/repos","events_url":"https://api.github.com/users/teeto11/events{/privacy}","received_events_url":"https://api.github.com/users/teeto11/received_events","type":"User","site_admin":false,"name":"tomisin","company":null,"blog":"","location":"Lagos,Nigeria","email":null,"hireable":true,"bio":"upcoming beast","twitter_username":null,"public_repos":14,"public_gists":0,"followers":4,"following":5,"created_at":"2017-08-29T21:20:25Z","updated_at":"2021-02-01T16:34:12Z","private_gists":0,"total_private_repos":10,"owned_private_repos":10,"disk_usage":109383,"collaborators":3,"two_factor_authentication":false,"plan":{"name":"free","space":976562499,"collaborators":0,"private_repos":10000}}
[info] 
[info] ✔  Success! Logged into GitHub as teeto11 
[info] 
